


ARM Macro Assembler    Page 1 


    1 00000000         ;/*-----------------------------------------------------
                       ----------------------------------------------------*/
    2 00000000         ;/*                                                     
                                                                           */
    3 00000000         ;/* SPDX-License-Identifier: Apache-2.0                 
                                                                           */
    4 00000000         ;/* Copyright(c) 2009 Nuvoton Technology Corp. All right
                       s reserved.                                         */
    5 00000000         ;/*                                                     
                                                                           */
    6 00000000         ;/*-----------------------------------------------------
                       ----------------------------------------------------*/
    7 00000000         
    8 00000000         ;;;;;;;;;;;;;;;;;;;;;;;;;;;;;;;;;;;;;;;;;;;;;;;;;;;
    9 00000000         
   10 00000000         
   11 00000000         ; User may overwrite stack size setting by pre-defined s
                       ymbol
   12 00000000                 IF               :LNOT: :DEF: Stack_Size
   14                          ENDIF
   15 00000000                 AREA             STACK, NOINIT, READWRITE, ALIGN
=3
   16 00000000         Stack_Mem
                               SPACE            Stack_Size
   17 00000400         __initial_sp
   18 00000400         
   19 00000400         
   20 00000400         ; <h> Heap Configuration
   21 00000400         ;   <o>  Heap Size (in Bytes) <0x0-0xFFFFFFFF:8>
   22 00000400         ; </h>
   23 00000400         
   24 00000400                 IF               :LNOT: :DEF: Heap_Size
   26                          ENDIF
   27 00000400         
   28 00000400                 AREA             HEAP, NOINIT, READWRITE, ALIGN=
3
   29 00000000         __heap_base
   30 00000000         Heap_Mem
                               SPACE            Heap_Size
   31 00000400         __heap_limit
   32 00000400         
   33 00000400         
   34 00000400                 PRESERVE8
   35 00000400                 THUMB
   36 00000400         
   37 00000400         
   38 00000400         ; Vector Table Mapped to Address 0 at Reset
   39 00000400                 AREA             RESET, DATA, READONLY
   40 00000000                 EXPORT           __Vectors
   41 00000000         
   42 00000000 00000000 
                       __Vectors
                               DCD              __initial_sp ; Top of Stack
   43 00000004 00000000        DCD              Reset_Handler ; Reset Handler
   44 00000008 00000000        DCD              NMI_Handler ; NMI Handler
   45 0000000C 00000000        DCD              HardFault_Handler ; Hard Fault 
                                                            Handler
   46 00000010 00000000        DCD              0           ; Reserved
   47 00000014 00000000        DCD              0           ; Reserved



ARM Macro Assembler    Page 2 


   48 00000018 00000000        DCD              0           ; Reserved
   49 0000001C 00000000        DCD              0           ; Reserved
   50 00000020 00000000        DCD              0           ; Reserved
   51 00000024 00000000        DCD              0           ; Reserved
   52 00000028 00000000        DCD              0           ; Reserved
   53 0000002C 00000000        DCD              SVC_Handler ; SVCall Handler
   54 00000030 00000000        DCD              0           ; Reserved
   55 00000034 00000000        DCD              0           ; Reserved
   56 00000038 00000000        DCD              PendSV_Handler ; PendSV Handler
                                                            
   57 0000003C 00000000        DCD              SysTick_Handler 
                                                            ; SysTick Handler
   58 00000040         
   59 00000040         ; External Interrupts
   60 00000040         ; maximum of 32 External Interrupts are possible
   61 00000040 00000000        DCD              BOD_IRQHandler
   62 00000044 00000000        DCD              WDT_IRQHandler
   63 00000048 00000000        DCD              EINT0_IRQHandler
   64 0000004C 00000000        DCD              EINT1_IRQHandler
   65 00000050 00000000        DCD              GPAB_IRQHandler
   66 00000054 00000000        DCD              GPCDF_IRQHandler
   67 00000058 00000000        DCD              PWMA_IRQHandler
   68 0000005C 00000000        DCD              Default_Handler
   69 00000060 00000000        DCD              TMR0_IRQHandler
   70 00000064 00000000        DCD              TMR1_IRQHandler
   71 00000068 00000000        DCD              TMR2_IRQHandler
   72 0000006C 00000000        DCD              TMR3_IRQHandler
   73 00000070 00000000        DCD              UART0_IRQHandler
   74 00000074 00000000        DCD              UART1_IRQHandler
   75 00000078 00000000        DCD              SPI0_IRQHandler
   76 0000007C 00000000        DCD              SPI1_IRQHandler
   77 00000080 00000000        DCD              SPI2_IRQHandler
   78 00000084 00000000        DCD              SPI3_IRQHandler
   79 00000088 00000000        DCD              I2C0_IRQHandler
   80 0000008C 00000000        DCD              I2C1_IRQHandler
   81 00000090 00000000        DCD              CAN0_IRQHandler
   82 00000094 00000000        DCD              CAN1_IRQHandler
   83 00000098 00000000        DCD              SC012_IRQHandler
   84 0000009C 00000000        DCD              USBD_IRQHandler
   85 000000A0 00000000        DCD              PS2_IRQHandler
   86 000000A4 00000000        DCD              ACMP_IRQHandler
   87 000000A8 00000000        DCD              PDMA_IRQHandler
   88 000000AC 00000000        DCD              I2S_IRQHandler
   89 000000B0 00000000        DCD              PWRWU_IRQHandler
   90 000000B4 00000000        DCD              ADC_IRQHandler
   91 000000B8 00000000        DCD              Default_Handler
   92 000000BC 00000000        DCD              RTC_IRQHandler
   93 000000C0         
   94 000000C0         
   95 000000C0         
   96 000000C0         
   97 000000C0         
   98 000000C0         
   99 000000C0         
  100 000000C0                 AREA             |.text|, CODE, READONLY
  101 00000000         
  102 00000000         
  103 00000000         
  104 00000000         ; Reset Handler 



ARM Macro Assembler    Page 3 


  105 00000000         
  106 00000000                 ENTRY
  107 00000000         
  108 00000000         Reset_Handler
                               PROC
  109 00000000                 EXPORT           Reset_Handler             [WEAK
]
  110 00000000                 IMPORT           SystemInit
  111 00000000                 IMPORT           __main
  112 00000000         
  113 00000000 480D            LDR              R0, =0x50000100
  114 00000002         ; Unlock Register                
  115 00000002 490E            LDR              R1, =0x59
  116 00000004 6001            STR              R1, [R0]
  117 00000006 490E            LDR              R1, =0x16
  118 00000008 6001            STR              R1, [R0]
  119 0000000A 490E            LDR              R1, =0x88
  120 0000000C 6001            STR              R1, [R0]
  121 0000000E         
  122 0000000E         ; Init POR
  123 0000000E 4A0E            LDR              R2, =0x50000024
  124 00000010 490E            LDR              R1, =0x00005AA5
  125 00000012 6011            STR              R1, [R2]
  126 00000014         
  127 00000014         ; Lock register
  128 00000014 2100            MOVS             R1, #0
  129 00000016 6001            STR              R1, [R0]
  130 00000018         
  131 00000018 480D            LDR              R0, =SystemInit
  132 0000001A 4780            BLX              R0
  133 0000001C 480D            LDR              R0, =__main
  134 0000001E 4700            BX               R0
  135 00000020                 ENDP
  136 00000020         
  137 00000020         
  138 00000020         ; Dummy Exception Handlers (infinite loops which can be 
                       modified)                
  139 00000020         
  140 00000020         NMI_Handler
                               PROC
  141 00000020                 EXPORT           NMI_Handler               [WEAK
]
  142 00000020 E7FE            B                .
  143 00000022                 ENDP
  145 00000022         HardFault_Handler
                               PROC
  146 00000022                 EXPORT           HardFault_Handler         [WEAK
]
  147 00000022 E7FE            B                .
  148 00000024                 ENDP
  149 00000024         SVC_Handler
                               PROC
  150 00000024                 EXPORT           SVC_Handler               [WEAK
]
  151 00000024 E7FE            B                .
  152 00000026                 ENDP
  153 00000026         PendSV_Handler
                               PROC
  154 00000026                 EXPORT           PendSV_Handler            [WEAK



ARM Macro Assembler    Page 4 


]
  155 00000026 E7FE            B                .
  156 00000028                 ENDP
  157 00000028         SysTick_Handler
                               PROC
  158 00000028                 EXPORT           SysTick_Handler           [WEAK
]
  159 00000028 E7FE            B                .
  160 0000002A                 ENDP
  161 0000002A         
  162 0000002A         Default_Handler
                               PROC
  163 0000002A         
  164 0000002A                 EXPORT           BOD_IRQHandler            [WEAK
]
  165 0000002A                 EXPORT           WDT_IRQHandler            [WEAK
]
  166 0000002A                 EXPORT           EINT0_IRQHandler          [WEAK
]
  167 0000002A                 EXPORT           EINT1_IRQHandler          [WEAK
]
  168 0000002A                 EXPORT           GPAB_IRQHandler           [WEAK
]
  169 0000002A                 EXPORT           GPCDF_IRQHandler          [WEAK
]
  170 0000002A                 EXPORT           PWMA_IRQHandler           [WEAK
]
  171 0000002A                 EXPORT           TMR0_IRQHandler           [WEAK
]
  172 0000002A                 EXPORT           TMR1_IRQHandler           [WEAK
]
  173 0000002A                 EXPORT           TMR2_IRQHandler           [WEAK
]
  174 0000002A                 EXPORT           TMR3_IRQHandler           [WEAK
]
  175 0000002A                 EXPORT           UART0_IRQHandler          [WEAK
]
  176 0000002A                 EXPORT           UART1_IRQHandler          [WEAK
]
  177 0000002A                 EXPORT           SPI0_IRQHandler           [WEAK
]
  178 0000002A                 EXPORT           SPI1_IRQHandler           [WEAK
]
  179 0000002A                 EXPORT           SPI2_IRQHandler           [WEAK
]
  180 0000002A                 EXPORT           SPI3_IRQHandler           [WEAK
]
  181 0000002A                 EXPORT           I2C0_IRQHandler           [WEAK
]
  182 0000002A                 EXPORT           I2C1_IRQHandler           [WEAK
]
  183 0000002A                 EXPORT           CAN0_IRQHandler           [WEAK
]
  184 0000002A                 EXPORT           CAN1_IRQHandler           [WEAK
]
  185 0000002A                 EXPORT           SC012_IRQHandler          [WEAK
]
  186 0000002A                 EXPORT           USBD_IRQHandler           [WEAK
]



ARM Macro Assembler    Page 5 


  187 0000002A                 EXPORT           PS2_IRQHandler            [WEAK
]
  188 0000002A                 EXPORT           ACMP_IRQHandler           [WEAK
]
  189 0000002A                 EXPORT           PDMA_IRQHandler           [WEAK
]
  190 0000002A                 EXPORT           I2S_IRQHandler            [WEAK
]
  191 0000002A                 EXPORT           PWRWU_IRQHandler          [WEAK
]
  192 0000002A                 EXPORT           ADC_IRQHandler            [WEAK
]
  193 0000002A                 EXPORT           RTC_IRQHandler            [WEAK
]
  194 0000002A         
  195 0000002A         BOD_IRQHandler
  196 0000002A         WDT_IRQHandler
  197 0000002A         EINT0_IRQHandler
  198 0000002A         EINT1_IRQHandler
  199 0000002A         GPAB_IRQHandler
  200 0000002A         GPCDF_IRQHandler
  201 0000002A         PWMA_IRQHandler
  202 0000002A         TMR0_IRQHandler
  203 0000002A         TMR1_IRQHandler
  204 0000002A         TMR2_IRQHandler
  205 0000002A         TMR3_IRQHandler
  206 0000002A         UART0_IRQHandler
  207 0000002A         UART1_IRQHandler
  208 0000002A         SPI0_IRQHandler
  209 0000002A         SPI1_IRQHandler
  210 0000002A         SPI2_IRQHandler
  211 0000002A         SPI3_IRQHandler
  212 0000002A         I2C0_IRQHandler
  213 0000002A         I2C1_IRQHandler
  214 0000002A         CAN0_IRQHandler
  215 0000002A         CAN1_IRQHandler
  216 0000002A         SC012_IRQHandler
  217 0000002A         USBD_IRQHandler
  218 0000002A         PS2_IRQHandler
  219 0000002A         ACMP_IRQHandler
  220 0000002A         PDMA_IRQHandler
  221 0000002A         I2S_IRQHandler
  222 0000002A         PWRWU_IRQHandler
  223 0000002A         ADC_IRQHandler
  224 0000002A         RTC_IRQHandler
  225 0000002A E7FE            B                .
  226 0000002C                 ENDP
  227 0000002C         
  228 0000002C         
  229 0000002C                 ALIGN
  230 0000002C         
  231 0000002C         
  232 0000002C         ; User Initial Stack & Heap
  233 0000002C         
  234 0000002C                 IF               :DEF:__MICROLIB
  241 0000002C         
  242 0000002C                 IMPORT           __use_two_region_memory
  243 0000002C                 EXPORT           __user_initial_stackheap
  244 0000002C         __user_initial_stackheap



ARM Macro Assembler    Page 6 


  245 0000002C         
  246 0000002C 480A            LDR              R0, =  Heap_Mem
  247 0000002E 490B            LDR              R1, = (Stack_Mem + Stack_Size)
  248 00000030 4A0B            LDR              R2, = (Heap_Mem +  Heap_Size)
  249 00000032 4B0C            LDR              R3, = Stack_Mem
  250 00000034 4770            BX               LR
  251 00000036         
  252 00000036 00 00           ALIGN
  253 00000038         
  254 00000038                 ENDIF
  255 00000038         
  256 00000038                 END
              50000100 
              00000059 
              00000016 
              00000088 
              50000024 
              00005AA5 
              00000000 
              00000000 
              00000000 
              00000400 
              00000400 
              00000000 
Command Line: --debug --xref --diag_suppress=9931 --cpu=Cortex-M0 --apcs=interw
ork --depend=.\objects\startup_nuc123.d -o.\objects\startup_nuc123.o -IC:\Keil_
v5\ARM\Packs\Nuvoton\NuMicro_DFP\1.3.12\Device\NUC123\Include -IC:\Keil_v5\ARM\
CMSIS\Include --predefine="__UVISION_VERSION SETA 538" --list=.\listings\startu
p_nuc123.lst ..\..\Device\Nuvoton\NUC123\Source\ARM\startup_NUC123.s



ARM Macro Assembler    Page 1 Alphabetic symbol ordering
Relocatable symbols

STACK 00000000

Symbol: STACK
   Definitions
      At line 15 in file ..\..\Device\Nuvoton\NUC123\Source\ARM\startup_NUC123.
s
   Uses
      None
Comment: STACK unused
Stack_Mem 00000000

Symbol: Stack_Mem
   Definitions
      At line 16 in file ..\..\Device\Nuvoton\NUC123\Source\ARM\startup_NUC123.
s
   Uses
      At line 247 in file ..\..\Device\Nuvoton\NUC123\Source\ARM\startup_NUC123
.s
      At line 249 in file ..\..\Device\Nuvoton\NUC123\Source\ARM\startup_NUC123
.s

__initial_sp 00000400

Symbol: __initial_sp
   Definitions
      At line 17 in file ..\..\Device\Nuvoton\NUC123\Source\ARM\startup_NUC123.
s
   Uses
      At line 42 in file ..\..\Device\Nuvoton\NUC123\Source\ARM\startup_NUC123.
s
Comment: __initial_sp used once
3 symbols



ARM Macro Assembler    Page 1 Alphabetic symbol ordering
Relocatable symbols

HEAP 00000000

Symbol: HEAP
   Definitions
      At line 28 in file ..\..\Device\Nuvoton\NUC123\Source\ARM\startup_NUC123.
s
   Uses
      None
Comment: HEAP unused
Heap_Mem 00000000

Symbol: Heap_Mem
   Definitions
      At line 30 in file ..\..\Device\Nuvoton\NUC123\Source\ARM\startup_NUC123.
s
   Uses
      At line 246 in file ..\..\Device\Nuvoton\NUC123\Source\ARM\startup_NUC123
.s
      At line 248 in file ..\..\Device\Nuvoton\NUC123\Source\ARM\startup_NUC123
.s

__heap_base 00000000

Symbol: __heap_base
   Definitions
      At line 29 in file ..\..\Device\Nuvoton\NUC123\Source\ARM\startup_NUC123.
s
   Uses
      None
Comment: __heap_base unused
__heap_limit 00000400

Symbol: __heap_limit
   Definitions
      At line 31 in file ..\..\Device\Nuvoton\NUC123\Source\ARM\startup_NUC123.
s
   Uses
      None
Comment: __heap_limit unused
4 symbols



ARM Macro Assembler    Page 1 Alphabetic symbol ordering
Relocatable symbols

RESET 00000000

Symbol: RESET
   Definitions
      At line 39 in file ..\..\Device\Nuvoton\NUC123\Source\ARM\startup_NUC123.
s
   Uses
      None
Comment: RESET unused
__Vectors 00000000

Symbol: __Vectors
   Definitions
      At line 42 in file ..\..\Device\Nuvoton\NUC123\Source\ARM\startup_NUC123.
s
   Uses
      At line 40 in file ..\..\Device\Nuvoton\NUC123\Source\ARM\startup_NUC123.
s
Comment: __Vectors used once
2 symbols



ARM Macro Assembler    Page 1 Alphabetic symbol ordering
Relocatable symbols

.text 00000000

Symbol: .text
   Definitions
      At line 100 in file ..\..\Device\Nuvoton\NUC123\Source\ARM\startup_NUC123
.s
   Uses
      None
Comment: .text unused
ACMP_IRQHandler 0000002A

Symbol: ACMP_IRQHandler
   Definitions
      At line 219 in file ..\..\Device\Nuvoton\NUC123\Source\ARM\startup_NUC123
.s
   Uses
      At line 86 in file ..\..\Device\Nuvoton\NUC123\Source\ARM\startup_NUC123.
s
      At line 188 in file ..\..\Device\Nuvoton\NUC123\Source\ARM\startup_NUC123
.s

ADC_IRQHandler 0000002A

Symbol: ADC_IRQHandler
   Definitions
      At line 223 in file ..\..\Device\Nuvoton\NUC123\Source\ARM\startup_NUC123
.s
   Uses
      At line 90 in file ..\..\Device\Nuvoton\NUC123\Source\ARM\startup_NUC123.
s
      At line 192 in file ..\..\Device\Nuvoton\NUC123\Source\ARM\startup_NUC123
.s

BOD_IRQHandler 0000002A

Symbol: BOD_IRQHandler
   Definitions
      At line 195 in file ..\..\Device\Nuvoton\NUC123\Source\ARM\startup_NUC123
.s
   Uses
      At line 61 in file ..\..\Device\Nuvoton\NUC123\Source\ARM\startup_NUC123.
s
      At line 164 in file ..\..\Device\Nuvoton\NUC123\Source\ARM\startup_NUC123
.s

CAN0_IRQHandler 0000002A

Symbol: CAN0_IRQHandler
   Definitions
      At line 214 in file ..\..\Device\Nuvoton\NUC123\Source\ARM\startup_NUC123
.s
   Uses
      At line 81 in file ..\..\Device\Nuvoton\NUC123\Source\ARM\startup_NUC123.
s
      At line 183 in file ..\..\Device\Nuvoton\NUC123\Source\ARM\startup_NUC123
.s

CAN1_IRQHandler 0000002A




ARM Macro Assembler    Page 2 Alphabetic symbol ordering
Relocatable symbols

Symbol: CAN1_IRQHandler
   Definitions
      At line 215 in file ..\..\Device\Nuvoton\NUC123\Source\ARM\startup_NUC123
.s
   Uses
      At line 82 in file ..\..\Device\Nuvoton\NUC123\Source\ARM\startup_NUC123.
s
      At line 184 in file ..\..\Device\Nuvoton\NUC123\Source\ARM\startup_NUC123
.s

Default_Handler 0000002A

Symbol: Default_Handler
   Definitions
      At line 162 in file ..\..\Device\Nuvoton\NUC123\Source\ARM\startup_NUC123
.s
   Uses
      At line 68 in file ..\..\Device\Nuvoton\NUC123\Source\ARM\startup_NUC123.
s
      At line 91 in file ..\..\Device\Nuvoton\NUC123\Source\ARM\startup_NUC123.
s

EINT0_IRQHandler 0000002A

Symbol: EINT0_IRQHandler
   Definitions
      At line 197 in file ..\..\Device\Nuvoton\NUC123\Source\ARM\startup_NUC123
.s
   Uses
      At line 63 in file ..\..\Device\Nuvoton\NUC123\Source\ARM\startup_NUC123.
s
      At line 166 in file ..\..\Device\Nuvoton\NUC123\Source\ARM\startup_NUC123
.s

EINT1_IRQHandler 0000002A

Symbol: EINT1_IRQHandler
   Definitions
      At line 198 in file ..\..\Device\Nuvoton\NUC123\Source\ARM\startup_NUC123
.s
   Uses
      At line 64 in file ..\..\Device\Nuvoton\NUC123\Source\ARM\startup_NUC123.
s
      At line 167 in file ..\..\Device\Nuvoton\NUC123\Source\ARM\startup_NUC123
.s

GPAB_IRQHandler 0000002A

Symbol: GPAB_IRQHandler
   Definitions
      At line 199 in file ..\..\Device\Nuvoton\NUC123\Source\ARM\startup_NUC123
.s
   Uses
      At line 65 in file ..\..\Device\Nuvoton\NUC123\Source\ARM\startup_NUC123.
s
      At line 168 in file ..\..\Device\Nuvoton\NUC123\Source\ARM\startup_NUC123
.s

GPCDF_IRQHandler 0000002A



ARM Macro Assembler    Page 3 Alphabetic symbol ordering
Relocatable symbols


Symbol: GPCDF_IRQHandler
   Definitions
      At line 200 in file ..\..\Device\Nuvoton\NUC123\Source\ARM\startup_NUC123
.s
   Uses
      At line 66 in file ..\..\Device\Nuvoton\NUC123\Source\ARM\startup_NUC123.
s
      At line 169 in file ..\..\Device\Nuvoton\NUC123\Source\ARM\startup_NUC123
.s

HardFault_Handler 00000022

Symbol: HardFault_Handler
   Definitions
      At line 145 in file ..\..\Device\Nuvoton\NUC123\Source\ARM\startup_NUC123
.s
   Uses
      At line 45 in file ..\..\Device\Nuvoton\NUC123\Source\ARM\startup_NUC123.
s
      At line 146 in file ..\..\Device\Nuvoton\NUC123\Source\ARM\startup_NUC123
.s

I2C0_IRQHandler 0000002A

Symbol: I2C0_IRQHandler
   Definitions
      At line 212 in file ..\..\Device\Nuvoton\NUC123\Source\ARM\startup_NUC123
.s
   Uses
      At line 79 in file ..\..\Device\Nuvoton\NUC123\Source\ARM\startup_NUC123.
s
      At line 181 in file ..\..\Device\Nuvoton\NUC123\Source\ARM\startup_NUC123
.s

I2C1_IRQHandler 0000002A

Symbol: I2C1_IRQHandler
   Definitions
      At line 213 in file ..\..\Device\Nuvoton\NUC123\Source\ARM\startup_NUC123
.s
   Uses
      At line 80 in file ..\..\Device\Nuvoton\NUC123\Source\ARM\startup_NUC123.
s
      At line 182 in file ..\..\Device\Nuvoton\NUC123\Source\ARM\startup_NUC123
.s

I2S_IRQHandler 0000002A

Symbol: I2S_IRQHandler
   Definitions
      At line 221 in file ..\..\Device\Nuvoton\NUC123\Source\ARM\startup_NUC123
.s
   Uses
      At line 88 in file ..\..\Device\Nuvoton\NUC123\Source\ARM\startup_NUC123.
s
      At line 190 in file ..\..\Device\Nuvoton\NUC123\Source\ARM\startup_NUC123
.s




ARM Macro Assembler    Page 4 Alphabetic symbol ordering
Relocatable symbols

NMI_Handler 00000020

Symbol: NMI_Handler
   Definitions
      At line 140 in file ..\..\Device\Nuvoton\NUC123\Source\ARM\startup_NUC123
.s
   Uses
      At line 44 in file ..\..\Device\Nuvoton\NUC123\Source\ARM\startup_NUC123.
s
      At line 141 in file ..\..\Device\Nuvoton\NUC123\Source\ARM\startup_NUC123
.s

PDMA_IRQHandler 0000002A

Symbol: PDMA_IRQHandler
   Definitions
      At line 220 in file ..\..\Device\Nuvoton\NUC123\Source\ARM\startup_NUC123
.s
   Uses
      At line 87 in file ..\..\Device\Nuvoton\NUC123\Source\ARM\startup_NUC123.
s
      At line 189 in file ..\..\Device\Nuvoton\NUC123\Source\ARM\startup_NUC123
.s

PS2_IRQHandler 0000002A

Symbol: PS2_IRQHandler
   Definitions
      At line 218 in file ..\..\Device\Nuvoton\NUC123\Source\ARM\startup_NUC123
.s
   Uses
      At line 85 in file ..\..\Device\Nuvoton\NUC123\Source\ARM\startup_NUC123.
s
      At line 187 in file ..\..\Device\Nuvoton\NUC123\Source\ARM\startup_NUC123
.s

PWMA_IRQHandler 0000002A

Symbol: PWMA_IRQHandler
   Definitions
      At line 201 in file ..\..\Device\Nuvoton\NUC123\Source\ARM\startup_NUC123
.s
   Uses
      At line 67 in file ..\..\Device\Nuvoton\NUC123\Source\ARM\startup_NUC123.
s
      At line 170 in file ..\..\Device\Nuvoton\NUC123\Source\ARM\startup_NUC123
.s

PWRWU_IRQHandler 0000002A

Symbol: PWRWU_IRQHandler
   Definitions
      At line 222 in file ..\..\Device\Nuvoton\NUC123\Source\ARM\startup_NUC123
.s
   Uses
      At line 89 in file ..\..\Device\Nuvoton\NUC123\Source\ARM\startup_NUC123.
s
      At line 191 in file ..\..\Device\Nuvoton\NUC123\Source\ARM\startup_NUC123
.s



ARM Macro Assembler    Page 5 Alphabetic symbol ordering
Relocatable symbols


PendSV_Handler 00000026

Symbol: PendSV_Handler
   Definitions
      At line 153 in file ..\..\Device\Nuvoton\NUC123\Source\ARM\startup_NUC123
.s
   Uses
      At line 56 in file ..\..\Device\Nuvoton\NUC123\Source\ARM\startup_NUC123.
s
      At line 154 in file ..\..\Device\Nuvoton\NUC123\Source\ARM\startup_NUC123
.s

RTC_IRQHandler 0000002A

Symbol: RTC_IRQHandler
   Definitions
      At line 224 in file ..\..\Device\Nuvoton\NUC123\Source\ARM\startup_NUC123
.s
   Uses
      At line 92 in file ..\..\Device\Nuvoton\NUC123\Source\ARM\startup_NUC123.
s
      At line 193 in file ..\..\Device\Nuvoton\NUC123\Source\ARM\startup_NUC123
.s

Reset_Handler 00000000

Symbol: Reset_Handler
   Definitions
      At line 108 in file ..\..\Device\Nuvoton\NUC123\Source\ARM\startup_NUC123
.s
   Uses
      At line 43 in file ..\..\Device\Nuvoton\NUC123\Source\ARM\startup_NUC123.
s
      At line 109 in file ..\..\Device\Nuvoton\NUC123\Source\ARM\startup_NUC123
.s

SC012_IRQHandler 0000002A

Symbol: SC012_IRQHandler
   Definitions
      At line 216 in file ..\..\Device\Nuvoton\NUC123\Source\ARM\startup_NUC123
.s
   Uses
      At line 83 in file ..\..\Device\Nuvoton\NUC123\Source\ARM\startup_NUC123.
s
      At line 185 in file ..\..\Device\Nuvoton\NUC123\Source\ARM\startup_NUC123
.s

SPI0_IRQHandler 0000002A

Symbol: SPI0_IRQHandler
   Definitions
      At line 208 in file ..\..\Device\Nuvoton\NUC123\Source\ARM\startup_NUC123
.s
   Uses
      At line 75 in file ..\..\Device\Nuvoton\NUC123\Source\ARM\startup_NUC123.
s
      At line 177 in file ..\..\Device\Nuvoton\NUC123\Source\ARM\startup_NUC123



ARM Macro Assembler    Page 6 Alphabetic symbol ordering
Relocatable symbols

.s

SPI1_IRQHandler 0000002A

Symbol: SPI1_IRQHandler
   Definitions
      At line 209 in file ..\..\Device\Nuvoton\NUC123\Source\ARM\startup_NUC123
.s
   Uses
      At line 76 in file ..\..\Device\Nuvoton\NUC123\Source\ARM\startup_NUC123.
s
      At line 178 in file ..\..\Device\Nuvoton\NUC123\Source\ARM\startup_NUC123
.s

SPI2_IRQHandler 0000002A

Symbol: SPI2_IRQHandler
   Definitions
      At line 210 in file ..\..\Device\Nuvoton\NUC123\Source\ARM\startup_NUC123
.s
   Uses
      At line 77 in file ..\..\Device\Nuvoton\NUC123\Source\ARM\startup_NUC123.
s
      At line 179 in file ..\..\Device\Nuvoton\NUC123\Source\ARM\startup_NUC123
.s

SPI3_IRQHandler 0000002A

Symbol: SPI3_IRQHandler
   Definitions
      At line 211 in file ..\..\Device\Nuvoton\NUC123\Source\ARM\startup_NUC123
.s
   Uses
      At line 78 in file ..\..\Device\Nuvoton\NUC123\Source\ARM\startup_NUC123.
s
      At line 180 in file ..\..\Device\Nuvoton\NUC123\Source\ARM\startup_NUC123
.s

SVC_Handler 00000024

Symbol: SVC_Handler
   Definitions
      At line 149 in file ..\..\Device\Nuvoton\NUC123\Source\ARM\startup_NUC123
.s
   Uses
      At line 53 in file ..\..\Device\Nuvoton\NUC123\Source\ARM\startup_NUC123.
s
      At line 150 in file ..\..\Device\Nuvoton\NUC123\Source\ARM\startup_NUC123
.s

SysTick_Handler 00000028

Symbol: SysTick_Handler
   Definitions
      At line 157 in file ..\..\Device\Nuvoton\NUC123\Source\ARM\startup_NUC123
.s
   Uses
      At line 57 in file ..\..\Device\Nuvoton\NUC123\Source\ARM\startup_NUC123.
s



ARM Macro Assembler    Page 7 Alphabetic symbol ordering
Relocatable symbols

      At line 158 in file ..\..\Device\Nuvoton\NUC123\Source\ARM\startup_NUC123
.s

TMR0_IRQHandler 0000002A

Symbol: TMR0_IRQHandler
   Definitions
      At line 202 in file ..\..\Device\Nuvoton\NUC123\Source\ARM\startup_NUC123
.s
   Uses
      At line 69 in file ..\..\Device\Nuvoton\NUC123\Source\ARM\startup_NUC123.
s
      At line 171 in file ..\..\Device\Nuvoton\NUC123\Source\ARM\startup_NUC123
.s

TMR1_IRQHandler 0000002A

Symbol: TMR1_IRQHandler
   Definitions
      At line 203 in file ..\..\Device\Nuvoton\NUC123\Source\ARM\startup_NUC123
.s
   Uses
      At line 70 in file ..\..\Device\Nuvoton\NUC123\Source\ARM\startup_NUC123.
s
      At line 172 in file ..\..\Device\Nuvoton\NUC123\Source\ARM\startup_NUC123
.s

TMR2_IRQHandler 0000002A

Symbol: TMR2_IRQHandler
   Definitions
      At line 204 in file ..\..\Device\Nuvoton\NUC123\Source\ARM\startup_NUC123
.s
   Uses
      At line 71 in file ..\..\Device\Nuvoton\NUC123\Source\ARM\startup_NUC123.
s
      At line 173 in file ..\..\Device\Nuvoton\NUC123\Source\ARM\startup_NUC123
.s

TMR3_IRQHandler 0000002A

Symbol: TMR3_IRQHandler
   Definitions
      At line 205 in file ..\..\Device\Nuvoton\NUC123\Source\ARM\startup_NUC123
.s
   Uses
      At line 72 in file ..\..\Device\Nuvoton\NUC123\Source\ARM\startup_NUC123.
s
      At line 174 in file ..\..\Device\Nuvoton\NUC123\Source\ARM\startup_NUC123
.s

UART0_IRQHandler 0000002A

Symbol: UART0_IRQHandler
   Definitions
      At line 206 in file ..\..\Device\Nuvoton\NUC123\Source\ARM\startup_NUC123
.s
   Uses
      At line 73 in file ..\..\Device\Nuvoton\NUC123\Source\ARM\startup_NUC123.



ARM Macro Assembler    Page 8 Alphabetic symbol ordering
Relocatable symbols

s
      At line 175 in file ..\..\Device\Nuvoton\NUC123\Source\ARM\startup_NUC123
.s

UART1_IRQHandler 0000002A

Symbol: UART1_IRQHandler
   Definitions
      At line 207 in file ..\..\Device\Nuvoton\NUC123\Source\ARM\startup_NUC123
.s
   Uses
      At line 74 in file ..\..\Device\Nuvoton\NUC123\Source\ARM\startup_NUC123.
s
      At line 176 in file ..\..\Device\Nuvoton\NUC123\Source\ARM\startup_NUC123
.s

USBD_IRQHandler 0000002A

Symbol: USBD_IRQHandler
   Definitions
      At line 217 in file ..\..\Device\Nuvoton\NUC123\Source\ARM\startup_NUC123
.s
   Uses
      At line 84 in file ..\..\Device\Nuvoton\NUC123\Source\ARM\startup_NUC123.
s
      At line 186 in file ..\..\Device\Nuvoton\NUC123\Source\ARM\startup_NUC123
.s

WDT_IRQHandler 0000002A

Symbol: WDT_IRQHandler
   Definitions
      At line 196 in file ..\..\Device\Nuvoton\NUC123\Source\ARM\startup_NUC123
.s
   Uses
      At line 62 in file ..\..\Device\Nuvoton\NUC123\Source\ARM\startup_NUC123.
s
      At line 165 in file ..\..\Device\Nuvoton\NUC123\Source\ARM\startup_NUC123
.s

__user_initial_stackheap 0000002C

Symbol: __user_initial_stackheap
   Definitions
      At line 244 in file ..\..\Device\Nuvoton\NUC123\Source\ARM\startup_NUC123
.s
   Uses
      At line 243 in file ..\..\Device\Nuvoton\NUC123\Source\ARM\startup_NUC123
.s
Comment: __user_initial_stackheap used once
39 symbols



ARM Macro Assembler    Page 1 Alphabetic symbol ordering
Absolute symbols

Heap_Size 00000400

Symbol: Heap_Size
   Definitions
      At line 25 in file ..\..\Device\Nuvoton\NUC123\Source\ARM\startup_NUC123.
s
   Uses
      At line 30 in file ..\..\Device\Nuvoton\NUC123\Source\ARM\startup_NUC123.
s
      At line 248 in file ..\..\Device\Nuvoton\NUC123\Source\ARM\startup_NUC123
.s

Stack_Size 00000400

Symbol: Stack_Size
   Definitions
      At line 13 in file ..\..\Device\Nuvoton\NUC123\Source\ARM\startup_NUC123.
s
   Uses
      At line 16 in file ..\..\Device\Nuvoton\NUC123\Source\ARM\startup_NUC123.
s
      At line 247 in file ..\..\Device\Nuvoton\NUC123\Source\ARM\startup_NUC123
.s

2 symbols



ARM Macro Assembler    Page 1 Alphabetic symbol ordering
External symbols

SystemInit 00000000

Symbol: SystemInit
   Definitions
      At line 110 in file ..\..\Device\Nuvoton\NUC123\Source\ARM\startup_NUC123
.s
   Uses
      At line 131 in file ..\..\Device\Nuvoton\NUC123\Source\ARM\startup_NUC123
.s
Comment: SystemInit used once
__main 00000000

Symbol: __main
   Definitions
      At line 111 in file ..\..\Device\Nuvoton\NUC123\Source\ARM\startup_NUC123
.s
   Uses
      At line 133 in file ..\..\Device\Nuvoton\NUC123\Source\ARM\startup_NUC123
.s
Comment: __main used once
__use_two_region_memory 00000000

Symbol: __use_two_region_memory
   Definitions
      At line 242 in file ..\..\Device\Nuvoton\NUC123\Source\ARM\startup_NUC123
.s
   Uses
      None
Comment: __use_two_region_memory unused
3 symbols
390 symbols in table
