


ARM Macro Assembler    Page 1 


    1 00000000         ;/*-----------------------------------------------------
                       ----------------------------------------------------*/
    2 00000000         ;/*                                                     
                                                                           */
    3 00000000         ;/* Copyright(c) 2009 Nuvoton Technology Corp. All right
                       s reserved.                                         */
    4 00000000         ;/*                                                     
                                                                           */
    5 00000000         ;/*-----------------------------------------------------
                       ----------------------------------------------------*/
    6 00000000         
    7 00000000         ;;;;;;;;;;;;;;;;;;;;;;;;;;;;;;;;;;;;;;;;;;;;;;;;;;;
    8 00000000         
    9 00000000         
   10 00000000         ; User may overwrite stack size setting by pre-defined s
                       ymbol
   11 00000000                 IF               :LNOT: :DEF: Stack_Size
   13                          ENDIF
   14 00000000                 AREA             STACK, NOINIT, READWRITE, ALIGN
=3
   15 00000000         Stack_Mem
                               SPACE            Stack_Size
   16 00000400         __initial_sp
   17 00000400         
   18 00000400         
   19 00000400         ; <h> Heap Configuration
   20 00000400         ;   <o>  Heap Size (in Bytes) <0x0-0xFFFFFFFF:8>
   21 00000400         ; </h>
   22 00000400         
   23 00000400                 IF               :LNOT: :DEF: Heap_Size
   25                          ENDIF
   26 00000400         
   27 00000400                 AREA             HEAP, NOINIT, READWRITE, ALIGN=
3
   28 00000000         __heap_base
   29 00000000         Heap_Mem
                               SPACE            Heap_Size
   30 00000000         __heap_limit
   31 00000000         
   32 00000000         
   33 00000000                 PRESERVE8
   34 00000000                 THUMB
   35 00000000         
   36 00000000         
   37 00000000         ; Vector Table Mapped to Address 0 at Reset
   38 00000000                 AREA             RESET, DATA, READONLY
   39 00000000                 EXPORT           __Vectors
   40 00000000         
   41 00000000 00000000 
                       __Vectors
                               DCD              __initial_sp ; Top of Stack
   42 00000004 00000000        DCD              Reset_Handler ; Reset Handler
   43 00000008 00000000        DCD              NMI_Handler ; NMI Handler
   44 0000000C 00000000        DCD              HardFault_Handler ; Hard Fault 
                                                            Handler
   45 00000010 00000000        DCD              0           ; Reserved
   46 00000014 00000000        DCD              0           ; Reserved
   47 00000018 00000000        DCD              0           ; Reserved
   48 0000001C 00000000        DCD              0           ; Reserved



ARM Macro Assembler    Page 2 


   49 00000020 00000000        DCD              0           ; Reserved
   50 00000024 00000000        DCD              0           ; Reserved
   51 00000028 00000000        DCD              0           ; Reserved
   52 0000002C 00000000        DCD              SVC_Handler ; SVCall Handler
   53 00000030 00000000        DCD              0           ; Reserved
   54 00000034 00000000        DCD              0           ; Reserved
   55 00000038 00000000        DCD              PendSV_Handler ; PendSV Handler
                                                            
   56 0000003C 00000000        DCD              SysTick_Handler 
                                                            ; SysTick Handler
   57 00000040         
   58 00000040         ; External Interrupts
   59 00000040         ; maximum of 32 External Interrupts are possible
   60 00000040 00000000        DCD              BOD_IRQHandler
   61 00000044 00000000        DCD              WDT_IRQHandler
   62 00000048 00000000        DCD              EINT0_IRQHandler
   63 0000004C 00000000        DCD              EINT1_IRQHandler
   64 00000050 00000000        DCD              GPAB_IRQHandler
   65 00000054 00000000        DCD              GPCDF_IRQHandler
   66 00000058 00000000        DCD              PWMA_IRQHandler
   67 0000005C 00000000        DCD              Default_Handler
   68 00000060 00000000        DCD              TMR0_IRQHandler
   69 00000064 00000000        DCD              TMR1_IRQHandler
   70 00000068 00000000        DCD              TMR2_IRQHandler
   71 0000006C 00000000        DCD              TMR3_IRQHandler
   72 00000070 00000000        DCD              UART0_IRQHandler
   73 00000074 00000000        DCD              UART1_IRQHandler
   74 00000078 00000000        DCD              SPI0_IRQHandler
   75 0000007C 00000000        DCD              SPI1_IRQHandler
   76 00000080 00000000        DCD              SPI2_IRQHandler
   77 00000084 00000000        DCD              SPI3_IRQHandler
   78 00000088 00000000        DCD              I2C0_IRQHandler
   79 0000008C 00000000        DCD              I2C1_IRQHandler
   80 00000090 00000000        DCD              CAN0_IRQHandler
   81 00000094 00000000        DCD              CAN1_IRQHandler
   82 00000098 00000000        DCD              SC012_IRQHandler
   83 0000009C 00000000        DCD              USBD_IRQHandler
   84 000000A0 00000000        DCD              PS2_IRQHandler
   85 000000A4 00000000        DCD              ACMP_IRQHandler
   86 000000A8 00000000        DCD              PDMA_IRQHandler
   87 000000AC 00000000        DCD              I2S_IRQHandler
   88 000000B0 00000000        DCD              PWRWU_IRQHandler
   89 000000B4 00000000        DCD              ADC_IRQHandler
   90 000000B8 00000000        DCD              Default_Handler
   91 000000BC 00000000        DCD              RTC_IRQHandler
   92 000000C0         
   93 000000C0         
   94 000000C0         
   95 000000C0         
   96 000000C0         
   97 000000C0         
   98 000000C0         
   99 000000C0                 AREA             |.text|, CODE, READONLY
  100 00000000         
  101 00000000         
  102 00000000         
  103 00000000         ; Reset Handler 
  104 00000000         
  105 00000000                 ENTRY



ARM Macro Assembler    Page 3 


  106 00000000         
  107 00000000         Reset_Handler
                               PROC
  108 00000000                 EXPORT           Reset_Handler             [WEAK
]
  109 00000000                 IMPORT           SystemInit
  110 00000000                 IMPORT           __main
  111 00000000         
  112 00000000 480A            LDR              R0, =0x50000100
  113 00000002         ; Unlock Register                
  114 00000002 490B            LDR              R1, =0x59
  115 00000004 6001            STR              R1, [R0]
  116 00000006 490B            LDR              R1, =0x16
  117 00000008 6001            STR              R1, [R0]
  118 0000000A 490B            LDR              R1, =0x88
  119 0000000C 6001            STR              R1, [R0]
  120 0000000E         
  121 0000000E         ; Init POR
  122 0000000E 4A0B            LDR              R2, =0x50000024
  123 00000010 490B            LDR              R1, =0x00005AA5
  124 00000012 6011            STR              R1, [R2]
  125 00000014         
  126 00000014         ; Lock register
  127 00000014 2100            MOVS             R1, #0
  128 00000016 6001            STR              R1, [R0]
  129 00000018         
  130 00000018 480A            LDR              R0, =SystemInit
  131 0000001A 4780            BLX              R0
  132 0000001C 480A            LDR              R0, =__main
  133 0000001E 4700            BX               R0
  134 00000020                 ENDP
  135 00000020         
  136 00000020         
  137 00000020         ; Dummy Exception Handlers (infinite loops which can be 
                       modified)                
  138 00000020         
  139 00000020         NMI_Handler
                               PROC
  140 00000020                 EXPORT           NMI_Handler               [WEAK
]
  141 00000020 E7FE            B                .
  142 00000022                 ENDP
  144 00000022         HardFault_Handler
                               PROC
  145 00000022                 EXPORT           HardFault_Handler         [WEAK
]
  146 00000022 E7FE            B                .
  147 00000024                 ENDP
  148 00000024         SVC_Handler
                               PROC
  149 00000024                 EXPORT           SVC_Handler               [WEAK
]
  150 00000024 E7FE            B                .
  151 00000026                 ENDP
  152 00000026         PendSV_Handler
                               PROC
  153 00000026                 EXPORT           PendSV_Handler            [WEAK
]
  154 00000026 E7FE            B                .



ARM Macro Assembler    Page 4 


  155 00000028                 ENDP
  156 00000028         SysTick_Handler
                               PROC
  157 00000028                 EXPORT           SysTick_Handler           [WEAK
]
  158 00000028 E7FE            B                .
  159 0000002A                 ENDP
  160 0000002A         
  161 0000002A         Default_Handler
                               PROC
  162 0000002A         
  163 0000002A                 EXPORT           BOD_IRQHandler            [WEAK
]
  164 0000002A                 EXPORT           WDT_IRQHandler            [WEAK
]
  165 0000002A                 EXPORT           EINT0_IRQHandler          [WEAK
]
  166 0000002A                 EXPORT           EINT1_IRQHandler          [WEAK
]
  167 0000002A                 EXPORT           GPAB_IRQHandler           [WEAK
]
  168 0000002A                 EXPORT           GPCDF_IRQHandler          [WEAK
]
  169 0000002A                 EXPORT           PWMA_IRQHandler           [WEAK
]
  170 0000002A                 EXPORT           TMR0_IRQHandler           [WEAK
]
  171 0000002A                 EXPORT           TMR1_IRQHandler           [WEAK
]
  172 0000002A                 EXPORT           TMR2_IRQHandler           [WEAK
]
  173 0000002A                 EXPORT           TMR3_IRQHandler           [WEAK
]
  174 0000002A                 EXPORT           UART0_IRQHandler          [WEAK
]
  175 0000002A                 EXPORT           UART1_IRQHandler          [WEAK
]
  176 0000002A                 EXPORT           SPI0_IRQHandler           [WEAK
]
  177 0000002A                 EXPORT           SPI1_IRQHandler           [WEAK
]
  178 0000002A                 EXPORT           SPI2_IRQHandler           [WEAK
]
  179 0000002A                 EXPORT           SPI3_IRQHandler           [WEAK
]
  180 0000002A                 EXPORT           I2C0_IRQHandler           [WEAK
]
  181 0000002A                 EXPORT           I2C1_IRQHandler           [WEAK
]
  182 0000002A                 EXPORT           CAN0_IRQHandler           [WEAK
]
  183 0000002A                 EXPORT           CAN1_IRQHandler           [WEAK
]
  184 0000002A                 EXPORT           SC012_IRQHandler          [WEAK
]
  185 0000002A                 EXPORT           USBD_IRQHandler           [WEAK
]
  186 0000002A                 EXPORT           PS2_IRQHandler            [WEAK
]



ARM Macro Assembler    Page 5 


  187 0000002A                 EXPORT           ACMP_IRQHandler           [WEAK
]
  188 0000002A                 EXPORT           PDMA_IRQHandler           [WEAK
]
  189 0000002A                 EXPORT           I2S_IRQHandler            [WEAK
]
  190 0000002A                 EXPORT           PWRWU_IRQHandler          [WEAK
]
  191 0000002A                 EXPORT           ADC_IRQHandler            [WEAK
]
  192 0000002A                 EXPORT           RTC_IRQHandler            [WEAK
]
  193 0000002A         
  194 0000002A         BOD_IRQHandler
  195 0000002A         WDT_IRQHandler
  196 0000002A         EINT0_IRQHandler
  197 0000002A         EINT1_IRQHandler
  198 0000002A         GPAB_IRQHandler
  199 0000002A         GPCDF_IRQHandler
  200 0000002A         PWMA_IRQHandler
  201 0000002A         TMR0_IRQHandler
  202 0000002A         TMR1_IRQHandler
  203 0000002A         TMR2_IRQHandler
  204 0000002A         TMR3_IRQHandler
  205 0000002A         UART0_IRQHandler
  206 0000002A         UART1_IRQHandler
  207 0000002A         SPI0_IRQHandler
  208 0000002A         SPI1_IRQHandler
  209 0000002A         SPI2_IRQHandler
  210 0000002A         SPI3_IRQHandler
  211 0000002A         I2C0_IRQHandler
  212 0000002A         I2C1_IRQHandler
  213 0000002A         CAN0_IRQHandler
  214 0000002A         CAN1_IRQHandler
  215 0000002A         SC012_IRQHandler
  216 0000002A         USBD_IRQHandler
  217 0000002A         PS2_IRQHandler
  218 0000002A         ACMP_IRQHandler
  219 0000002A         PDMA_IRQHandler
  220 0000002A         I2S_IRQHandler
  221 0000002A         PWRWU_IRQHandler
  222 0000002A         ADC_IRQHandler
  223 0000002A         RTC_IRQHandler
  224 0000002A E7FE            B                .
  225 0000002C                 ENDP
  226 0000002C         
  227 0000002C         
  228 0000002C                 ALIGN
  229 0000002C         
  230 0000002C         
  231 0000002C         ; User Initial Stack & Heap
  232 0000002C         
  233 0000002C                 IF               :DEF:__MICROLIB
  234 0000002C         
  235 0000002C                 EXPORT           __initial_sp
  236 0000002C                 EXPORT           __heap_base
  237 0000002C                 EXPORT           __heap_limit
  238 0000002C         
  239 0000002C                 ELSE



ARM Macro Assembler    Page 6 


  253                          ENDIF
  254 0000002C         
  255 0000002C                 END
              50000100 
              00000059 
              00000016 
              00000088 
              50000024 
              00005AA5 
              00000000 
              00000000 
Command Line: --16 --debug --xref --diag_suppress=9931 --cpu=Cortex-M0 --apcs=i
nterwork --depend=.\obj\startup_nuc123.d -o.\obj\startup_nuc123.o -I.\RTE\_NUC1
23_SPI_WITH_PDMA_MASTER -IC:\Keil_v5\Arm\Packs\ARM\CMSIS\5.9.0\CMSIS\Core\Inclu
de -IC:\Keil_v5\Arm\Packs\Nuvoton\NuMicro_DFP\1.3.19\Device\NUC123\Include --pr
edefine="__MICROLIB SETA 1" --predefine="__UVISION_VERSION SETA 536" --predefin
e="_RTE_ SETA 1" --predefine="_RTE_ SETA 1" --list=.\lst\startup_nuc123.lst ..\
..\..\..\Library\Device\Nuvoton\NUC123\Source\ARM\startup_NUC123.s



ARM Macro Assembler    Page 1 Alphabetic symbol ordering
Relocatable symbols

STACK 00000000

Symbol: STACK
   Definitions
      At line 14 in file ..\..\..\..\Library\Device\Nuvoton\NUC123\Source\ARM\s
tartup_NUC123.s
   Uses
      None
Comment: STACK unused
Stack_Mem 00000000

Symbol: Stack_Mem
   Definitions
      At line 15 in file ..\..\..\..\Library\Device\Nuvoton\NUC123\Source\ARM\s
tartup_NUC123.s
   Uses
      None
Comment: Stack_Mem unused
__initial_sp 00000400

Symbol: __initial_sp
   Definitions
      At line 16 in file ..\..\..\..\Library\Device\Nuvoton\NUC123\Source\ARM\s
tartup_NUC123.s
   Uses
      At line 41 in file ..\..\..\..\Library\Device\Nuvoton\NUC123\Source\ARM\s
tartup_NUC123.s
      At line 235 in file ..\..\..\..\Library\Device\Nuvoton\NUC123\Source\ARM\
startup_NUC123.s

3 symbols



ARM Macro Assembler    Page 1 Alphabetic symbol ordering
Relocatable symbols

HEAP 00000000

Symbol: HEAP
   Definitions
      At line 27 in file ..\..\..\..\Library\Device\Nuvoton\NUC123\Source\ARM\s
tartup_NUC123.s
   Uses
      None
Comment: HEAP unused
Heap_Mem 00000000

Symbol: Heap_Mem
   Definitions
      At line 29 in file ..\..\..\..\Library\Device\Nuvoton\NUC123\Source\ARM\s
tartup_NUC123.s
   Uses
      None
Comment: Heap_Mem unused
__heap_base 00000000

Symbol: __heap_base
   Definitions
      At line 28 in file ..\..\..\..\Library\Device\Nuvoton\NUC123\Source\ARM\s
tartup_NUC123.s
   Uses
      At line 236 in file ..\..\..\..\Library\Device\Nuvoton\NUC123\Source\ARM\
startup_NUC123.s
Comment: __heap_base used once
__heap_limit 00000000

Symbol: __heap_limit
   Definitions
      At line 30 in file ..\..\..\..\Library\Device\Nuvoton\NUC123\Source\ARM\s
tartup_NUC123.s
   Uses
      At line 237 in file ..\..\..\..\Library\Device\Nuvoton\NUC123\Source\ARM\
startup_NUC123.s
Comment: __heap_limit used once
4 symbols



ARM Macro Assembler    Page 1 Alphabetic symbol ordering
Relocatable symbols

RESET 00000000

Symbol: RESET
   Definitions
      At line 38 in file ..\..\..\..\Library\Device\Nuvoton\NUC123\Source\ARM\s
tartup_NUC123.s
   Uses
      None
Comment: RESET unused
__Vectors 00000000

Symbol: __Vectors
   Definitions
      At line 41 in file ..\..\..\..\Library\Device\Nuvoton\NUC123\Source\ARM\s
tartup_NUC123.s
   Uses
      At line 39 in file ..\..\..\..\Library\Device\Nuvoton\NUC123\Source\ARM\s
tartup_NUC123.s
Comment: __Vectors used once
2 symbols



ARM Macro Assembler    Page 1 Alphabetic symbol ordering
Relocatable symbols

.text 00000000

Symbol: .text
   Definitions
      At line 99 in file ..\..\..\..\Library\Device\Nuvoton\NUC123\Source\ARM\s
tartup_NUC123.s
   Uses
      None
Comment: .text unused
ACMP_IRQHandler 0000002A

Symbol: ACMP_IRQHandler
   Definitions
      At line 218 in file ..\..\..\..\Library\Device\Nuvoton\NUC123\Source\ARM\
startup_NUC123.s
   Uses
      At line 85 in file ..\..\..\..\Library\Device\Nuvoton\NUC123\Source\ARM\s
tartup_NUC123.s
      At line 187 in file ..\..\..\..\Library\Device\Nuvoton\NUC123\Source\ARM\
startup_NUC123.s

ADC_IRQHandler 0000002A

Symbol: ADC_IRQHandler
   Definitions
      At line 222 in file ..\..\..\..\Library\Device\Nuvoton\NUC123\Source\ARM\
startup_NUC123.s
   Uses
      At line 89 in file ..\..\..\..\Library\Device\Nuvoton\NUC123\Source\ARM\s
tartup_NUC123.s
      At line 191 in file ..\..\..\..\Library\Device\Nuvoton\NUC123\Source\ARM\
startup_NUC123.s

BOD_IRQHandler 0000002A

Symbol: BOD_IRQHandler
   Definitions
      At line 194 in file ..\..\..\..\Library\Device\Nuvoton\NUC123\Source\ARM\
startup_NUC123.s
   Uses
      At line 60 in file ..\..\..\..\Library\Device\Nuvoton\NUC123\Source\ARM\s
tartup_NUC123.s
      At line 163 in file ..\..\..\..\Library\Device\Nuvoton\NUC123\Source\ARM\
startup_NUC123.s

CAN0_IRQHandler 0000002A

Symbol: CAN0_IRQHandler
   Definitions
      At line 213 in file ..\..\..\..\Library\Device\Nuvoton\NUC123\Source\ARM\
startup_NUC123.s
   Uses
      At line 80 in file ..\..\..\..\Library\Device\Nuvoton\NUC123\Source\ARM\s
tartup_NUC123.s
      At line 182 in file ..\..\..\..\Library\Device\Nuvoton\NUC123\Source\ARM\
startup_NUC123.s

CAN1_IRQHandler 0000002A




ARM Macro Assembler    Page 2 Alphabetic symbol ordering
Relocatable symbols

Symbol: CAN1_IRQHandler
   Definitions
      At line 214 in file ..\..\..\..\Library\Device\Nuvoton\NUC123\Source\ARM\
startup_NUC123.s
   Uses
      At line 81 in file ..\..\..\..\Library\Device\Nuvoton\NUC123\Source\ARM\s
tartup_NUC123.s
      At line 183 in file ..\..\..\..\Library\Device\Nuvoton\NUC123\Source\ARM\
startup_NUC123.s

Default_Handler 0000002A

Symbol: Default_Handler
   Definitions
      At line 161 in file ..\..\..\..\Library\Device\Nuvoton\NUC123\Source\ARM\
startup_NUC123.s
   Uses
      At line 67 in file ..\..\..\..\Library\Device\Nuvoton\NUC123\Source\ARM\s
tartup_NUC123.s
      At line 90 in file ..\..\..\..\Library\Device\Nuvoton\NUC123\Source\ARM\s
tartup_NUC123.s

EINT0_IRQHandler 0000002A

Symbol: EINT0_IRQHandler
   Definitions
      At line 196 in file ..\..\..\..\Library\Device\Nuvoton\NUC123\Source\ARM\
startup_NUC123.s
   Uses
      At line 62 in file ..\..\..\..\Library\Device\Nuvoton\NUC123\Source\ARM\s
tartup_NUC123.s
      At line 165 in file ..\..\..\..\Library\Device\Nuvoton\NUC123\Source\ARM\
startup_NUC123.s

EINT1_IRQHandler 0000002A

Symbol: EINT1_IRQHandler
   Definitions
      At line 197 in file ..\..\..\..\Library\Device\Nuvoton\NUC123\Source\ARM\
startup_NUC123.s
   Uses
      At line 63 in file ..\..\..\..\Library\Device\Nuvoton\NUC123\Source\ARM\s
tartup_NUC123.s
      At line 166 in file ..\..\..\..\Library\Device\Nuvoton\NUC123\Source\ARM\
startup_NUC123.s

GPAB_IRQHandler 0000002A

Symbol: GPAB_IRQHandler
   Definitions
      At line 198 in file ..\..\..\..\Library\Device\Nuvoton\NUC123\Source\ARM\
startup_NUC123.s
   Uses
      At line 64 in file ..\..\..\..\Library\Device\Nuvoton\NUC123\Source\ARM\s
tartup_NUC123.s
      At line 167 in file ..\..\..\..\Library\Device\Nuvoton\NUC123\Source\ARM\
startup_NUC123.s

GPCDF_IRQHandler 0000002A



ARM Macro Assembler    Page 3 Alphabetic symbol ordering
Relocatable symbols


Symbol: GPCDF_IRQHandler
   Definitions
      At line 199 in file ..\..\..\..\Library\Device\Nuvoton\NUC123\Source\ARM\
startup_NUC123.s
   Uses
      At line 65 in file ..\..\..\..\Library\Device\Nuvoton\NUC123\Source\ARM\s
tartup_NUC123.s
      At line 168 in file ..\..\..\..\Library\Device\Nuvoton\NUC123\Source\ARM\
startup_NUC123.s

HardFault_Handler 00000022

Symbol: HardFault_Handler
   Definitions
      At line 144 in file ..\..\..\..\Library\Device\Nuvoton\NUC123\Source\ARM\
startup_NUC123.s
   Uses
      At line 44 in file ..\..\..\..\Library\Device\Nuvoton\NUC123\Source\ARM\s
tartup_NUC123.s
      At line 145 in file ..\..\..\..\Library\Device\Nuvoton\NUC123\Source\ARM\
startup_NUC123.s

I2C0_IRQHandler 0000002A

Symbol: I2C0_IRQHandler
   Definitions
      At line 211 in file ..\..\..\..\Library\Device\Nuvoton\NUC123\Source\ARM\
startup_NUC123.s
   Uses
      At line 78 in file ..\..\..\..\Library\Device\Nuvoton\NUC123\Source\ARM\s
tartup_NUC123.s
      At line 180 in file ..\..\..\..\Library\Device\Nuvoton\NUC123\Source\ARM\
startup_NUC123.s

I2C1_IRQHandler 0000002A

Symbol: I2C1_IRQHandler
   Definitions
      At line 212 in file ..\..\..\..\Library\Device\Nuvoton\NUC123\Source\ARM\
startup_NUC123.s
   Uses
      At line 79 in file ..\..\..\..\Library\Device\Nuvoton\NUC123\Source\ARM\s
tartup_NUC123.s
      At line 181 in file ..\..\..\..\Library\Device\Nuvoton\NUC123\Source\ARM\
startup_NUC123.s

I2S_IRQHandler 0000002A

Symbol: I2S_IRQHandler
   Definitions
      At line 220 in file ..\..\..\..\Library\Device\Nuvoton\NUC123\Source\ARM\
startup_NUC123.s
   Uses
      At line 87 in file ..\..\..\..\Library\Device\Nuvoton\NUC123\Source\ARM\s
tartup_NUC123.s
      At line 189 in file ..\..\..\..\Library\Device\Nuvoton\NUC123\Source\ARM\
startup_NUC123.s




ARM Macro Assembler    Page 4 Alphabetic symbol ordering
Relocatable symbols

NMI_Handler 00000020

Symbol: NMI_Handler
   Definitions
      At line 139 in file ..\..\..\..\Library\Device\Nuvoton\NUC123\Source\ARM\
startup_NUC123.s
   Uses
      At line 43 in file ..\..\..\..\Library\Device\Nuvoton\NUC123\Source\ARM\s
tartup_NUC123.s
      At line 140 in file ..\..\..\..\Library\Device\Nuvoton\NUC123\Source\ARM\
startup_NUC123.s

PDMA_IRQHandler 0000002A

Symbol: PDMA_IRQHandler
   Definitions
      At line 219 in file ..\..\..\..\Library\Device\Nuvoton\NUC123\Source\ARM\
startup_NUC123.s
   Uses
      At line 86 in file ..\..\..\..\Library\Device\Nuvoton\NUC123\Source\ARM\s
tartup_NUC123.s
      At line 188 in file ..\..\..\..\Library\Device\Nuvoton\NUC123\Source\ARM\
startup_NUC123.s

PS2_IRQHandler 0000002A

Symbol: PS2_IRQHandler
   Definitions
      At line 217 in file ..\..\..\..\Library\Device\Nuvoton\NUC123\Source\ARM\
startup_NUC123.s
   Uses
      At line 84 in file ..\..\..\..\Library\Device\Nuvoton\NUC123\Source\ARM\s
tartup_NUC123.s
      At line 186 in file ..\..\..\..\Library\Device\Nuvoton\NUC123\Source\ARM\
startup_NUC123.s

PWMA_IRQHandler 0000002A

Symbol: PWMA_IRQHandler
   Definitions
      At line 200 in file ..\..\..\..\Library\Device\Nuvoton\NUC123\Source\ARM\
startup_NUC123.s
   Uses
      At line 66 in file ..\..\..\..\Library\Device\Nuvoton\NUC123\Source\ARM\s
tartup_NUC123.s
      At line 169 in file ..\..\..\..\Library\Device\Nuvoton\NUC123\Source\ARM\
startup_NUC123.s

PWRWU_IRQHandler 0000002A

Symbol: PWRWU_IRQHandler
   Definitions
      At line 221 in file ..\..\..\..\Library\Device\Nuvoton\NUC123\Source\ARM\
startup_NUC123.s
   Uses
      At line 88 in file ..\..\..\..\Library\Device\Nuvoton\NUC123\Source\ARM\s
tartup_NUC123.s
      At line 190 in file ..\..\..\..\Library\Device\Nuvoton\NUC123\Source\ARM\
startup_NUC123.s



ARM Macro Assembler    Page 5 Alphabetic symbol ordering
Relocatable symbols


PendSV_Handler 00000026

Symbol: PendSV_Handler
   Definitions
      At line 152 in file ..\..\..\..\Library\Device\Nuvoton\NUC123\Source\ARM\
startup_NUC123.s
   Uses
      At line 55 in file ..\..\..\..\Library\Device\Nuvoton\NUC123\Source\ARM\s
tartup_NUC123.s
      At line 153 in file ..\..\..\..\Library\Device\Nuvoton\NUC123\Source\ARM\
startup_NUC123.s

RTC_IRQHandler 0000002A

Symbol: RTC_IRQHandler
   Definitions
      At line 223 in file ..\..\..\..\Library\Device\Nuvoton\NUC123\Source\ARM\
startup_NUC123.s
   Uses
      At line 91 in file ..\..\..\..\Library\Device\Nuvoton\NUC123\Source\ARM\s
tartup_NUC123.s
      At line 192 in file ..\..\..\..\Library\Device\Nuvoton\NUC123\Source\ARM\
startup_NUC123.s

Reset_Handler 00000000

Symbol: Reset_Handler
   Definitions
      At line 107 in file ..\..\..\..\Library\Device\Nuvoton\NUC123\Source\ARM\
startup_NUC123.s
   Uses
      At line 42 in file ..\..\..\..\Library\Device\Nuvoton\NUC123\Source\ARM\s
tartup_NUC123.s
      At line 108 in file ..\..\..\..\Library\Device\Nuvoton\NUC123\Source\ARM\
startup_NUC123.s

SC012_IRQHandler 0000002A

Symbol: SC012_IRQHandler
   Definitions
      At line 215 in file ..\..\..\..\Library\Device\Nuvoton\NUC123\Source\ARM\
startup_NUC123.s
   Uses
      At line 82 in file ..\..\..\..\Library\Device\Nuvoton\NUC123\Source\ARM\s
tartup_NUC123.s
      At line 184 in file ..\..\..\..\Library\Device\Nuvoton\NUC123\Source\ARM\
startup_NUC123.s

SPI0_IRQHandler 0000002A

Symbol: SPI0_IRQHandler
   Definitions
      At line 207 in file ..\..\..\..\Library\Device\Nuvoton\NUC123\Source\ARM\
startup_NUC123.s
   Uses
      At line 74 in file ..\..\..\..\Library\Device\Nuvoton\NUC123\Source\ARM\s
tartup_NUC123.s
      At line 176 in file ..\..\..\..\Library\Device\Nuvoton\NUC123\Source\ARM\



ARM Macro Assembler    Page 6 Alphabetic symbol ordering
Relocatable symbols

startup_NUC123.s

SPI1_IRQHandler 0000002A

Symbol: SPI1_IRQHandler
   Definitions
      At line 208 in file ..\..\..\..\Library\Device\Nuvoton\NUC123\Source\ARM\
startup_NUC123.s
   Uses
      At line 75 in file ..\..\..\..\Library\Device\Nuvoton\NUC123\Source\ARM\s
tartup_NUC123.s
      At line 177 in file ..\..\..\..\Library\Device\Nuvoton\NUC123\Source\ARM\
startup_NUC123.s

SPI2_IRQHandler 0000002A

Symbol: SPI2_IRQHandler
   Definitions
      At line 209 in file ..\..\..\..\Library\Device\Nuvoton\NUC123\Source\ARM\
startup_NUC123.s
   Uses
      At line 76 in file ..\..\..\..\Library\Device\Nuvoton\NUC123\Source\ARM\s
tartup_NUC123.s
      At line 178 in file ..\..\..\..\Library\Device\Nuvoton\NUC123\Source\ARM\
startup_NUC123.s

SPI3_IRQHandler 0000002A

Symbol: SPI3_IRQHandler
   Definitions
      At line 210 in file ..\..\..\..\Library\Device\Nuvoton\NUC123\Source\ARM\
startup_NUC123.s
   Uses
      At line 77 in file ..\..\..\..\Library\Device\Nuvoton\NUC123\Source\ARM\s
tartup_NUC123.s
      At line 179 in file ..\..\..\..\Library\Device\Nuvoton\NUC123\Source\ARM\
startup_NUC123.s

SVC_Handler 00000024

Symbol: SVC_Handler
   Definitions
      At line 148 in file ..\..\..\..\Library\Device\Nuvoton\NUC123\Source\ARM\
startup_NUC123.s
   Uses
      At line 52 in file ..\..\..\..\Library\Device\Nuvoton\NUC123\Source\ARM\s
tartup_NUC123.s
      At line 149 in file ..\..\..\..\Library\Device\Nuvoton\NUC123\Source\ARM\
startup_NUC123.s

SysTick_Handler 00000028

Symbol: SysTick_Handler
   Definitions
      At line 156 in file ..\..\..\..\Library\Device\Nuvoton\NUC123\Source\ARM\
startup_NUC123.s
   Uses
      At line 56 in file ..\..\..\..\Library\Device\Nuvoton\NUC123\Source\ARM\s
tartup_NUC123.s



ARM Macro Assembler    Page 7 Alphabetic symbol ordering
Relocatable symbols

      At line 157 in file ..\..\..\..\Library\Device\Nuvoton\NUC123\Source\ARM\
startup_NUC123.s

TMR0_IRQHandler 0000002A

Symbol: TMR0_IRQHandler
   Definitions
      At line 201 in file ..\..\..\..\Library\Device\Nuvoton\NUC123\Source\ARM\
startup_NUC123.s
   Uses
      At line 68 in file ..\..\..\..\Library\Device\Nuvoton\NUC123\Source\ARM\s
tartup_NUC123.s
      At line 170 in file ..\..\..\..\Library\Device\Nuvoton\NUC123\Source\ARM\
startup_NUC123.s

TMR1_IRQHandler 0000002A

Symbol: TMR1_IRQHandler
   Definitions
      At line 202 in file ..\..\..\..\Library\Device\Nuvoton\NUC123\Source\ARM\
startup_NUC123.s
   Uses
      At line 69 in file ..\..\..\..\Library\Device\Nuvoton\NUC123\Source\ARM\s
tartup_NUC123.s
      At line 171 in file ..\..\..\..\Library\Device\Nuvoton\NUC123\Source\ARM\
startup_NUC123.s

TMR2_IRQHandler 0000002A

Symbol: TMR2_IRQHandler
   Definitions
      At line 203 in file ..\..\..\..\Library\Device\Nuvoton\NUC123\Source\ARM\
startup_NUC123.s
   Uses
      At line 70 in file ..\..\..\..\Library\Device\Nuvoton\NUC123\Source\ARM\s
tartup_NUC123.s
      At line 172 in file ..\..\..\..\Library\Device\Nuvoton\NUC123\Source\ARM\
startup_NUC123.s

TMR3_IRQHandler 0000002A

Symbol: TMR3_IRQHandler
   Definitions
      At line 204 in file ..\..\..\..\Library\Device\Nuvoton\NUC123\Source\ARM\
startup_NUC123.s
   Uses
      At line 71 in file ..\..\..\..\Library\Device\Nuvoton\NUC123\Source\ARM\s
tartup_NUC123.s
      At line 173 in file ..\..\..\..\Library\Device\Nuvoton\NUC123\Source\ARM\
startup_NUC123.s

UART0_IRQHandler 0000002A

Symbol: UART0_IRQHandler
   Definitions
      At line 205 in file ..\..\..\..\Library\Device\Nuvoton\NUC123\Source\ARM\
startup_NUC123.s
   Uses
      At line 72 in file ..\..\..\..\Library\Device\Nuvoton\NUC123\Source\ARM\s



ARM Macro Assembler    Page 8 Alphabetic symbol ordering
Relocatable symbols

tartup_NUC123.s
      At line 174 in file ..\..\..\..\Library\Device\Nuvoton\NUC123\Source\ARM\
startup_NUC123.s

UART1_IRQHandler 0000002A

Symbol: UART1_IRQHandler
   Definitions
      At line 206 in file ..\..\..\..\Library\Device\Nuvoton\NUC123\Source\ARM\
startup_NUC123.s
   Uses
      At line 73 in file ..\..\..\..\Library\Device\Nuvoton\NUC123\Source\ARM\s
tartup_NUC123.s
      At line 175 in file ..\..\..\..\Library\Device\Nuvoton\NUC123\Source\ARM\
startup_NUC123.s

USBD_IRQHandler 0000002A

Symbol: USBD_IRQHandler
   Definitions
      At line 216 in file ..\..\..\..\Library\Device\Nuvoton\NUC123\Source\ARM\
startup_NUC123.s
   Uses
      At line 83 in file ..\..\..\..\Library\Device\Nuvoton\NUC123\Source\ARM\s
tartup_NUC123.s
      At line 185 in file ..\..\..\..\Library\Device\Nuvoton\NUC123\Source\ARM\
startup_NUC123.s

WDT_IRQHandler 0000002A

Symbol: WDT_IRQHandler
   Definitions
      At line 195 in file ..\..\..\..\Library\Device\Nuvoton\NUC123\Source\ARM\
startup_NUC123.s
   Uses
      At line 61 in file ..\..\..\..\Library\Device\Nuvoton\NUC123\Source\ARM\s
tartup_NUC123.s
      At line 164 in file ..\..\..\..\Library\Device\Nuvoton\NUC123\Source\ARM\
startup_NUC123.s

38 symbols



ARM Macro Assembler    Page 1 Alphabetic symbol ordering
Absolute symbols

Heap_Size 00000000

Symbol: Heap_Size
   Definitions
      At line 24 in file ..\..\..\..\Library\Device\Nuvoton\NUC123\Source\ARM\s
tartup_NUC123.s
   Uses
      At line 29 in file ..\..\..\..\Library\Device\Nuvoton\NUC123\Source\ARM\s
tartup_NUC123.s
Comment: Heap_Size used once
Stack_Size 00000400

Symbol: Stack_Size
   Definitions
      At line 12 in file ..\..\..\..\Library\Device\Nuvoton\NUC123\Source\ARM\s
tartup_NUC123.s
   Uses
      At line 15 in file ..\..\..\..\Library\Device\Nuvoton\NUC123\Source\ARM\s
tartup_NUC123.s
Comment: Stack_Size used once
2 symbols



ARM Macro Assembler    Page 1 Alphabetic symbol ordering
External symbols

SystemInit 00000000

Symbol: SystemInit
   Definitions
      At line 109 in file ..\..\..\..\Library\Device\Nuvoton\NUC123\Source\ARM\
startup_NUC123.s
   Uses
      At line 130 in file ..\..\..\..\Library\Device\Nuvoton\NUC123\Source\ARM\
startup_NUC123.s
Comment: SystemInit used once
__main 00000000

Symbol: __main
   Definitions
      At line 110 in file ..\..\..\..\Library\Device\Nuvoton\NUC123\Source\ARM\
startup_NUC123.s
   Uses
      At line 132 in file ..\..\..\..\Library\Device\Nuvoton\NUC123\Source\ARM\
startup_NUC123.s
Comment: __main used once
2 symbols
388 symbols in table
